C:\Program Files (x86)\Microsoft Visual Studio\2017\Community\Common7\IDE\VC\VCTargets\Microsoft.CppBuild.targets(387,5): warning MSB8028: The intermediate directory (Debug\) contains files shared from another project (COMP371_Lab3.vcxproj).  This can lead to incorrect clean and rebuild behavior.
  Main.cpp
c:\users\songt\desktop\comp345a1pacman\comp371pacmangame\comp371_skeleton_code-master\skeleton\vs_solution\comp371\comp371\main.cpp(383): warning C4838: conversion from 'double' to 'float' requires a narrowing conversion
c:\users\songt\desktop\comp345a1pacman\comp371pacmangame\comp371_skeleton_code-master\skeleton\vs_solution\comp371\comp371\main.cpp(383): warning C4305: 'initializing': truncation from 'double' to 'float'
c:\users\songt\desktop\comp345a1pacman\comp371pacmangame\comp371_skeleton_code-master\skeleton\vs_solution\comp371\comp371\main.cpp(421): warning C4838: conversion from 'double' to 'float' requires a narrowing conversion
c:\users\songt\desktop\comp345a1pacman\comp371pacmangame\comp371_skeleton_code-master\skeleton\vs_solution\comp371\comp371\main.cpp(421): warning C4305: 'initializing': truncation from 'double' to 'float'
c:\users\songt\desktop\comp345a1pacman\comp371pacmangame\comp371_skeleton_code-master\skeleton\vs_solution\comp371\comp371\main.cpp(442): warning C4101: 'VBO_colors': unreferenced local variable
c:\users\songt\desktop\comp345a1pacman\comp371pacmangame\comp371_skeleton_code-master\skeleton\vs_solution\comp371\comp371\main.cpp(1091): warning C4244: '=': conversion from 'double' to 'float', possible loss of data
c:\users\songt\desktop\comp345a1pacman\comp371pacmangame\comp371_skeleton_code-master\skeleton\vs_solution\comp371\comp371\main.cpp(1092): warning C4244: '=': conversion from 'double' to 'float', possible loss of data
c:\users\songt\desktop\comp345a1pacman\comp371pacmangame\comp371_skeleton_code-master\skeleton\vs_solution\comp371\comp371\main.cpp(1101): warning C4244: '=': conversion from 'double' to 'float', possible loss of data
c:\users\songt\desktop\comp345a1pacman\comp371pacmangame\comp371_skeleton_code-master\skeleton\vs_solution\comp371\comp371\main.cpp(1102): warning C4244: '=': conversion from 'double' to 'float', possible loss of data
c:\users\songt\desktop\comp345a1pacman\comp371pacmangame\comp371_skeleton_code-master\skeleton\vs_solution\comp371\comp371\main.cpp(1103): warning C4244: '=': conversion from 'double' to 'float', possible loss of data
c:\users\songt\desktop\comp345a1pacman\comp371pacmangame\comp371_skeleton_code-master\skeleton\vs_solution\comp371\comp371\main.cpp(1104): warning C4244: '=': conversion from 'double' to 'float', possible loss of data
c:\users\songt\desktop\comp345a1pacman\comp371pacmangame\comp371_skeleton_code-master\skeleton\vs_solution\comp371\comp371\main.cpp(1146): warning C4244: '=': conversion from 'double' to 'float', possible loss of data
c:\users\songt\desktop\comp345a1pacman\comp371pacmangame\comp371_skeleton_code-master\skeleton\vs_solution\comp371\comp371\main.cpp(1147): warning C4244: '=': conversion from 'double' to 'float', possible loss of data
c:\users\songt\desktop\comp345a1pacman\comp371pacmangame\comp371_skeleton_code-master\skeleton\vs_solution\comp371\comp371\main.cpp(1268): warning C4715: 'getYPosition': not all control paths return a value
c:\users\songt\desktop\comp345a1pacman\comp371pacmangame\comp371_skeleton_code-master\skeleton\vs_solution\comp371\comp371\main.cpp(1320): warning C4715: 'getXPosition': not all control paths return a value
LINK : warning LNK4075: ignoring '/INCREMENTAL' due to '/FORCE' specification
  COMP371.vcxproj -> C:\Users\songt\Desktop\comp345A1Pacman\COMP371PACMANGAME\COMP371_Skeleton_code-master\Skeleton\VS_Solution\COMP371\Debug\COMP371.exe
  COMP371.vcxproj -> C:\Users\songt\Desktop\comp345A1Pacman\COMP371PACMANGAME\COMP371_Skeleton_code-master\Skeleton\VS_Solution\COMP371\Debug\COMP371.pdb (Partial PDB)
